# JRE version: OpenJDK Runtime Environment Temurin-21.0.11+10 (21.0.11+10) (build 21.0.11+10-LTS)
# Java VM: OpenJDK 64-Bit Server VM Temurin-21.0.11+10 (21.0.11+10-LTS, mixed mode, sharing, tiered, compressed oops, compressed class ptrs, parallel gc, windows-amd64)
GC Precious Log:
 CardTable entry size: 512
 CPUs: 4 total, 4 available
 Memory: 8094M
 Large Page Support: Disabled
 NUMA Support: Disabled
 Compressed Oops: Enabled (32-bit)
 Alignments: Space 512K, Generation 512K, Heap 2M
 Heap Min Capacity: 100M
 Heap Initial Capacity: 100M
 Heap Max Capacity: 2G
 Pre-touch: Disabled
 Parallel Workers: 4
Heap:
 PSYoungGen      total 8704K, used 3006K [0x00000000d5580000, 0x00000000d6280000, 0x0000000100000000)
  eden space 6144K, 9% used [0x00000000d5580000,0x00000000d5614998,0x00000000d5b80000)
  from space 2560K, 94% used [0x00000000d5c00000,0x00000000d5e5b040,0x00000000d5e80000)
  to   space 3584K, 0% used [0x00000000d5f00000,0x00000000d5f00000,0x00000000d6280000)
 ParOldGen       total 1398272K, used 1397556K [0x0000000080000000, 0x00000000d5580000, 0x00000000d5580000)
  object space 1398272K, 99% used [0x0000000080000000,0x00000000d54cd200,0x00000000d5580000)
 Metaspace       used 87721K, committed 89536K, reserved 1179648K
  class space    used 9069K, committed 9856K, reserved 1048576K
GC Heap History (20 events):
Event: 4174.897 GC heap after
{Heap after GC invocations=1020 (full 4):
 PSYoungGen      total 2560K, used 352K [0x00000000d5580000, 0x00000000d5900000, 0x0000000100000000)
  eden space 2048K, 0% used [0x00000000d5580000,0x00000000d5580000,0x00000000d5780000)
  from space 512K, 68% used [0x00000000d5880000,0x00000000d58d8000,0x00000000d5900000)
  to   space 512K, 0% used [0x00000000d5800000,0x00000000d5800000,0x00000000d5880000)
 ParOldGen       total 1350144K, used 1349749K [0x0000000080000000, 0x00000000d2680000, 0x00000000d5580000)
  object space 1350144K, 99% used [0x0000000080000000,0x00000000d261d4f8,0x00000000d2680000)
 Metaspace       used 87683K, committed 89536K, reserved 1179648K
  class space    used 9069K, committed 9856K, reserved 1048576K
}
Event: 4174.937 GC heap before
{Heap before GC invocations=1021 (full 4):
 PSYoungGen      total 2560K, used 2400K [0x00000000d5580000, 0x00000000d5900000, 0x0000000100000000)
  eden space 2048K, 100% used [0x00000000d5580000,0x00000000d5780000,0x00000000d5780000)
  from space 512K, 68% used [0x00000000d5880000,0x00000000d58d8000,0x00000000d5900000)
  to   space 512K, 0% used [0x00000000d5800000,0x00000000d5800000,0x00000000d5880000)
 ParOldGen       total 1350144K, used 1349749K [0x0000000080000000, 0x00000000d2680000, 0x00000000d5580000)
  object space 1350144K, 99% used [0x0000000080000000,0x00000000d261d4f8,0x00000000d2680000)
 Metaspace       used 87684K, committed 89536K, reserved 1179648K
  class space    used 9069K, committed 9856K, reserved 1048576K
}
Event: 4174.941 GC heap after
{Heap after GC invocations=1021 (full 4):
 PSYoungGen      total 3072K, used 128K [0x00000000d5580000, 0x00000000d5900000, 0x0000000100000000)
  eden space 2560K, 0% used [0x00000000d5580000,0x00000000d5580000,0x00000000d5800000)
  from space 512K, 25% used [0x00000000d5800000,0x00000000d5820000,0x00000000d5880000)
  to   space 512K, 0% used [0x00000000d5880000,0x00000000d5880000,0x00000000d5900000)
 ParOldGen       total 1350144K, used 1349973K [0x0000000080000000, 0x00000000d2680000, 0x00000000d5580000)
  object space 1350144K, 99% used [0x0000000080000000,0x00000000d26554f8,0x00000000d2680000)
 Metaspace       used 87684K, committed 89536K, reserved 1179648K
  class space    used 9069K, committed 9856K, reserved 1048576K
}
Event: 4180.131 GC heap before
{Heap before GC invocations=1022 (full 4):
 PSYoungGen      total 3072K, used 2418K [0x00000000d5580000, 0x00000000d5900000, 0x0000000100000000)
  eden space 2560K, 89% used [0x00000000d5580000,0x00000000d57bcbd0,0x00000000d5800000)
  from space 512K, 25% used [0x00000000d5800000,0x00000000d5820000,0x00000000d5880000)
  to   space 512K, 0% used [0x00000000d5880000,0x00000000d5880000,0x00000000d5900000)
 ParOldGen       total 1350144K, used 1349973K [0x0000000080000000, 0x00000000d2680000, 0x00000000d5580000)
  object space 1350144K, 99% used [0x0000000080000000,0x00000000d26554f8,0x00000000d2680000)
 Metaspace       used 87711K, committed 89536K, reserved 1179648K
  class space    used 9069K, committed 9856K, reserved 1048576K
}
Event: 4180.136 GC heap after
{Heap after GC invocations=1022 (full 4):
 PSYoungGen      total 3072K, used 128K [0x00000000d5580000, 0x00000000d5900000, 0x0000000100000000)
  eden space 2560K, 0% used [0x00000000d5580000,0x00000000d5580000,0x00000000d5800000)
  from space 512K, 25% used [0x00000000d5880000,0x00000000d58a0000,0x00000000d5900000)
  to   space 512K, 0% used [0x00000000d5800000,0x00000000d5800000,0x00000000d5880000)
 ParOldGen       total 1350144K, used 1350013K [0x0000000080000000, 0x00000000d2680000, 0x00000000d5580000)
  object space 1350144K, 99% used [0x0000000080000000,0x00000000d265f4f8,0x00000000d2680000)
 Metaspace       used 87711K, committed 89536K, reserved 1179648K
  class space    used 9069K, committed 9856K, reserved 1048576K
}
Event: 4180.140 GC heap before
{Heap before GC invocations=1023 (full 4):
 PSYoungGen      total 3072K, used 2688K [0x00000000d5580000, 0x00000000d5900000, 0x0000000100000000)
  eden space 2560K, 100% used [0x00000000d5580000,0x00000000d5800000,0x00000000d5800000)
  from space 512K, 25% used [0x00000000d5880000,0x00000000d58a0000,0x00000000d5900000)
  to   space 512K, 0% used [0x00000000d5800000,0x00000000d5800000,0x00000000d5880000)
 ParOldGen       total 1350144K, used 1350013K [0x0000000080000000, 0x00000000d2680000, 0x00000000d5580000)
  object space 1350144K, 99% used [0x0000000080000000,0x00000000d265f4f8,0x00000000d2680000)
 Metaspace       used 87711K, committed 89536K, reserved 1179648K
  class space    used 9069K, committed 9856K, reserved 1048576K
}
Event: 4180.144 GC heap after
{Heap after GC invocations=1023 (full 4):
 PSYoungGen      total 3072K, used 512K [0x00000000d5580000, 0x00000000d5e80000, 0x0000000100000000)
  eden space 2560K, 0% used [0x00000000d5580000,0x00000000d5580000,0x00000000d5800000)
  from space 512K, 100% used [0x00000000d5800000,0x00000000d5880000,0x00000000d5880000)
  to   space 3072K, 0% used [0x00000000d5b80000,0x00000000d5b80000,0x00000000d5e80000)
 ParOldGen       total 1352192K, used 1352109K [0x0000000080000000, 0x00000000d2880000, 0x00000000d5580000)
  object space 1352192K, 99% used [0x0000000080000000,0x00000000d286b7b8,0x00000000d2880000)
 Metaspace       used 87711K, committed 89536K, reserved 1179648K
  class space    used 9069K, committed 9856K, reserved 1048576K
}
Event: 4180.158 GC heap before
{Heap before GC invocations=1024 (full 4):
 PSYoungGen      total 3072K, used 3072K [0x00000000d5580000, 0x00000000d5e80000, 0x0000000100000000)
  eden space 2560K, 100% used [0x00000000d5580000,0x00000000d5800000,0x00000000d5800000)
  from space 512K, 100% used [0x00000000d5800000,0x00000000d5880000,0x00000000d5880000)
  to   space 3072K, 0% used [0x00000000d5b80000,0x00000000d5b80000,0x00000000d5e80000)
 ParOldGen       total 1352192K, used 1352109K [0x0000000080000000, 0x00000000d2880000, 0x00000000d5580000)
  object space 1352192K, 99% used [0x0000000080000000,0x00000000d286b7b8,0x00000000d2880000)
 Metaspace       used 87711K, committed 89536K, reserved 1179648K
  class space    used 9069K, committed 9856K, reserved 1048576K
}
Event: 4180.163 GC heap after
{Heap after GC invocations=1024 (full 4):
 PSYoungGen      total 5632K, used 2464K [0x00000000d5580000, 0x00000000d5e00000, 0x0000000100000000)
  eden space 3072K, 0% used [0x00000000d5580000,0x00000000d5580000,0x00000000d5880000)
  from space 2560K, 96% used [0x00000000d5b80000,0x00000000d5de8000,0x00000000d5e00000)
  to   space 2560K, 0% used [0x00000000d5900000,0x00000000d5900000,0x00000000d5b80000)
 ParOldGen       total 1352704K, used 1352637K [0x0000000080000000, 0x00000000d2900000, 0x00000000d5580000)
  object space 1352704K, 99% used [0x0000000080000000,0x00000000d28ef7b8,0x00000000d2900000)
 Metaspace       used 87711K, committed 89536K, reserved 1179648K
  class space    used 9069K, committed 9856K, reserved 1048576K
}
Event: 4180.179 GC heap before
{Heap before GC invocations=1025 (full 4):
 PSYoungGen      total 5632K, used 5536K [0x00000000d5580000, 0x00000000d5e00000, 0x0000000100000000)
  eden space 3072K, 100% used [0x00000000d5580000,0x00000000d5880000,0x00000000d5880000)
  from space 2560K, 96% used [0x00000000d5b80000,0x00000000d5de8000,0x00000000d5e00000)
  to   space 2560K, 0% used [0x00000000d5900000,0x00000000d5900000,0x00000000d5b80000)
 ParOldGen       total 1352704K, used 1352637K [0x0000000080000000, 0x00000000d2900000, 0x00000000d5580000)
  object space 1352704K, 99% used [0x0000000080000000,0x00000000d28ef7b8,0x00000000d2900000)
 Metaspace       used 87712K, committed 89536K, reserved 1179648K
  class space    used 9069K, committed 9856K, reserved 1048576K
}
Event: 4180.187 GC heap after
{Heap after GC invocations=1025 (full 4):
 PSYoungGen      total 6144K, used 2560K [0x00000000d5580000, 0x00000000d5f80000, 0x0000000100000000)
  eden space 3584K, 0% used [0x00000000d5580000,0x00000000d5580000,0x00000000d5900000)
  from space 2560K, 100% used [0x00000000d5900000,0x00000000d5b80000,0x00000000d5b80000)
  to   space 3072K, 0% used [0x00000000d5c80000,0x00000000d5c80000,0x00000000d5f80000)
 ParOldGen       total 1355264K, used 1355093K [0x0000000080000000, 0x00000000d2b80000, 0x00000000d5580000)
  object space 1355264K, 99% used [0x0000000080000000,0x00000000d2b557b8,0x00000000d2b80000)
 Metaspace       used 87712K, committed 89536K, reserved 1179648K
  class space    used 9069K, committed 9856K, reserved 1048576K
}
Event: 4180.202 GC heap before
{Heap before GC invocations=1026 (full 4):
 PSYoungGen      total 6144K, used 6095K [0x00000000d5580000, 0x00000000d5f80000, 0x0000000100000000)
  eden space 3584K, 98% used [0x00000000d5580000,0x00000000d58f3fd8,0x00000000d5900000)
  from space 2560K, 100% used [0x00000000d5900000,0x00000000d5b80000,0x00000000d5b80000)
  to   space 3072K, 0% used [0x00000000d5c80000,0x00000000d5c80000,0x00000000d5f80000)
 ParOldGen       total 1355264K, used 1355093K [0x0000000080000000, 0x00000000d2b80000, 0x00000000d5580000)
  object space 1355264K, 99% used [0x0000000080000000,0x00000000d2b557b8,0x00000000d2b80000)
 Metaspace       used 87719K, committed 89536K, reserved 1179648K
  class space    used 9069K, committed 9856K, reserved 1048576K
}
Event: 4180.208 GC heap after
{Heap after GC invocations=1026 (full 4):
 PSYoungGen      total 7168K, used 2938K [0x00000000d5580000, 0x00000000d6000000, 0x0000000100000000)
  eden space 4096K, 0% used [0x00000000d5580000,0x00000000d5580000,0x00000000d5980000)
  from space 3072K, 95% used [0x00000000d5c80000,0x00000000d5f5eb38,0x00000000d5f80000)
  to   space 3072K, 0% used [0x00000000d5980000,0x00000000d5980000,0x00000000d5c80000)
 ParOldGen       total 1357824K, used 1357621K [0x0000000080000000, 0x00000000d2e00000, 0x00000000d5580000)
  object space 1357824K, 99% used [0x0000000080000000,0x00000000d2dcd7b8,0x00000000d2e00000)
 Metaspace       used 87719K, committed 89536K, reserved 1179648K
  class space    used 9069K, committed 9856K, reserved 1048576K
}
Event: 4180.220 GC heap before
{Heap before GC invocations=1027 (full 4):
 PSYoungGen      total 7168K, used 6931K [0x00000000d5580000, 0x00000000d6000000, 0x0000000100000000)
  eden space 4096K, 97% used [0x00000000d5580000,0x00000000d5966498,0x00000000d5980000)
  from space 3072K, 95% used [0x00000000d5c80000,0x00000000d5f5eb38,0x00000000d5f80000)
  to   space 3072K, 0% used [0x00000000d5980000,0x00000000d5980000,0x00000000d5c80000)
 ParOldGen       total 1357824K, used 1357621K [0x0000000080000000, 0x00000000d2e00000, 0x00000000d5580000)
  object space 1357824K, 99% used [0x0000000080000000,0x00000000d2dcd7b8,0x00000000d2e00000)
 Metaspace       used 87719K, committed 89536K, reserved 1179648K
  class space    used 9069K, committed 9856K, reserved 1048576K
}
Event: 4180.227 GC heap after
{Heap after GC invocations=1027 (full 4):
 PSYoungGen      total 7168K, used 3067K [0x00000000d5580000, 0x00000000d6980000, 0x0000000100000000)
  eden space 4096K, 0% used [0x00000000d5580000,0x00000000d5580000,0x00000000d5980000)
  from space 3072K, 99% used [0x00000000d5980000,0x00000000d5c7ecd8,0x00000000d5c80000)
  to   space 7680K, 0% used [0x00000000d6200000,0x00000000d6200000,0x00000000d6980000)
 ParOldGen       total 1361920K, used 1361449K [0x0000000080000000, 0x00000000d3200000, 0x00000000d5580000)
  object space 1361920K, 99% used [0x0000000080000000,0x00000000d318a628,0x00000000d3200000)
 Metaspace       used 87719K, committed 89536K, reserved 1179648K
  class space    used 9069K, committed 9856K, reserved 1048576K
}
Event: 4180.237 GC heap before
{Heap before GC invocations=1028 (full 4):
 PSYoungGen      total 7168K, used 7163K [0x00000000d5580000, 0x00000000d6980000, 0x0000000100000000)
  eden space 4096K, 100% used [0x00000000d5580000,0x00000000d5980000,0x00000000d5980000)
  from space 3072K, 99% used [0x00000000d5980000,0x00000000d5c7ecd8,0x00000000d5c80000)
  to   space 7680K, 0% used [0x00000000d6200000,0x00000000d6200000,0x00000000d6980000)
 ParOldGen       total 1361920K, used 1361449K [0x0000000080000000, 0x00000000d3200000, 0x00000000d5580000)
  object space 1361920K, 99% used [0x0000000080000000,0x00000000d318a628,0x00000000d3200000)
 Metaspace       used 87719K, committed 89536K, reserved 1179648K
  class space    used 9069K, committed 9856K, reserved 1048576K
}
Event: 4180.244 GC heap after
{Heap after GC invocations=1028 (full 4):
 PSYoungGen      total 9216K, used 4068K [0x00000000d5580000, 0x00000000d6600000, 0x0000000100000000)
  eden space 5120K, 0% used [0x00000000d5580000,0x00000000d5580000,0x00000000d5a80000)
  from space 4096K, 99% used [0x00000000d6200000,0x00000000d65f92e8,0x00000000d6600000)
  to   space 5120K, 0% used [0x00000000d5c00000,0x00000000d5c00000,0x00000000d6100000)
 ParOldGen       total 1364480K, used 1364468K [0x0000000080000000, 0x00000000d3480000, 0x00000000d5580000)
  object space 1364480K, 99% used [0x0000000080000000,0x00000000d347d1d0,0x00000000d3480000)
 Metaspace       used 87719K, committed 89536K, reserved 1179648K
  class space    used 9069K, committed 9856K, reserved 1048576K
}
Event: 4180.289 GC heap before
{Heap before GC invocations=1029 (full 4):
 PSYoungGen      total 9216K, used 9188K [0x00000000d5580000, 0x00000000d6600000, 0x0000000100000000)
  eden space 5120K, 100% used [0x00000000d5580000,0x00000000d5a80000,0x00000000d5a80000)
  from space 4096K, 99% used [0x00000000d6200000,0x00000000d65f92e8,0x00000000d6600000)
  to   space 5120K, 0% used [0x00000000d5c00000,0x00000000d5c00000,0x00000000d6100000)
 ParOldGen       total 1384448K, used 1383668K [0x0000000080000000, 0x00000000d4800000, 0x00000000d5580000)
  object space 1384448K, 99% used [0x0000000080000000,0x00000000d473d1f0,0x00000000d4800000)
 Metaspace       used 87721K, committed 89536K, reserved 1179648K
  class space    used 9069K, committed 9856K, reserved 1048576K
}
Event: 4180.295 GC heap after
{Heap after GC invocations=1029 (full 4):
 PSYoungGen      total 8704K, used 2412K [0x00000000d5580000, 0x00000000d6280000, 0x0000000100000000)
  eden space 6144K, 0% used [0x00000000d5580000,0x00000000d5580000,0x00000000d5b80000)
  from space 2560K, 94% used [0x00000000d5c00000,0x00000000d5e5b040,0x00000000d5e80000)
  to   space 3584K, 0% used [0x00000000d5f00000,0x00000000d5f00000,0x00000000d6280000)
 ParOldGen       total 1386496K, used 1386036K [0x0000000080000000, 0x00000000d4a00000, 0x00000000d5580000)
  object space 1386496K, 99% used [0x0000000080000000,0x00000000d498d1f0,0x00000000d4a00000)
 Metaspace       used 87721K, committed 89536K, reserved 1179648K
  class space    used 9069K, committed 9856K, reserved 1048576K
}
Event: 4180.322 GC heap before
{Heap before GC invocations=1030 (full 5):
 PSYoungGen      total 8704K, used 3006K [0x00000000d5580000, 0x00000000d6280000, 0x0000000100000000)
  eden space 6144K, 9% used [0x00000000d5580000,0x00000000d5614998,0x00000000d5b80000)
  from space 2560K, 94% used [0x00000000d5c00000,0x00000000d5e5b040,0x00000000d5e80000)
  to   space 3584K, 0% used [0x00000000d5f00000,0x00000000d5f00000,0x00000000d6280000)
 ParOldGen       total 1398272K, used 1397556K [0x0000000080000000, 0x00000000d5580000, 0x00000000d5580000)
  object space 1398272K, 99% used [0x0000000080000000,0x00000000d54cd200,0x00000000d5580000)
 Metaspace       used 87721K, committed 89536K, reserved 1179648K
  class space    used 9069K, committed 9856K, reserved 1048576K
}

